<?xml version="1.0" encoding="UTF-8"?>
<!-- Generated by org.testng.reporters.JUnitReportReporter -->
<testsuite hostname="STAN-4P5ZP12" name="test_package.TestNG_Test" tests="1" failures="0" timestamp="28 Jan 2015 16:07:01 GMT" time="9.183" errors="0">
  <testcase name="f" time="9.183" classname="test_package.TestNG_Test"/>
</testsuite> <!-- test_package.TestNG_Test -->
