<?xml version="1.0" encoding="UTF-8"?>
<!-- Generated by org.testng.reporters.JUnitReportReporter -->
<testsuite hostname="STAN-4P5ZP12" name="test_package.Test_StreamConnect_Logout_4" tests="1" failures="0" timestamp="28 Jan 2015 19:14:32 GMT" time="5.231" errors="0">
  <testcase name="Logout4" time="5.231" classname="test_package.Test_StreamConnect_Logout_4"/>
</testsuite> <!-- test_package.Test_StreamConnect_Logout_4 -->
