<?xml version="1.0" encoding="UTF-8"?>
<!-- Generated by org.testng.reporters.JUnitReportReporter -->
<testsuite hostname="STAN-4P5ZP12" name="test_package.Test_StreamConnect_Logout_1" tests="1" failures="0" timestamp="4 Feb 2015 22:32:14 GMT" time="6.224" errors="0">
  <testcase name="Logout1" time="6.224" classname="test_package.Test_StreamConnect_Logout_1"/>
</testsuite> <!-- test_package.Test_StreamConnect_Logout_1 -->
