<?xml version="1.0" encoding="UTF-8"?>
<!-- Generated by org.testng.reporters.JUnitReportReporter -->
<testsuite hostname="STAN-4P5ZP12" name="test_package.TestNG_StreamConnect" tests="1" failures="0" timestamp="28 Jan 2015 17:36:11 GMT" time="5.260" errors="0">
  <testcase name="StreamConnect" time="5.260" classname="test_package.TestNG_StreamConnect"/>
</testsuite> <!-- test_package.TestNG_StreamConnect -->
