<?xml version="1.0" encoding="UTF-8"?>
<!-- Generated by org.testng.reporters.JUnitReportReporter -->
<testsuite hostname="STAN-4P5ZP12" name="test_package.Test_StreamConnect_Logout_9" tests="1" failures="0" timestamp="28 Jan 2015 19:10:24 GMT" time="6.071" errors="0">
  <testcase name="Logout9" time="6.071" classname="test_package.Test_StreamConnect_Logout_9"/>
</testsuite> <!-- test_package.Test_StreamConnect_Logout_9 -->
