<?xml version="1.0" encoding="UTF-8"?>
<!-- Generated by org.testng.reporters.JUnitReportReporter -->
<testsuite hostname="STAN-4P5ZP12" name="test_package.Test_StreamConnect_Logout_7" tests="1" failures="0" timestamp="28 Jan 2015 19:05:55 GMT" time="5.104" errors="0">
  <testcase name="Logout7" time="5.104" classname="test_package.Test_StreamConnect_Logout_7"/>
</testsuite> <!-- test_package.Test_StreamConnect_Logout_7 -->
