<?xml version="1.0" encoding="UTF-8"?>
<!-- Generated by org.testng.reporters.JUnitReportReporter -->
<testsuite hostname="STAN-4P5ZP12" name="test_package.Test_StreamConnect_Logout_5" tests="1" failures="0" timestamp="28 Jan 2015 19:12:18 GMT" time="6.369" errors="0">
  <testcase name="Logout5" time="6.369" classname="test_package.Test_StreamConnect_Logout_5"/>
</testsuite> <!-- test_package.Test_StreamConnect_Logout_5 -->
