<?xml version="1.0" encoding="UTF-8"?>
<!-- Generated by org.testng.reporters.JUnitReportReporter -->
<testsuite hostname="STAN-4P5ZP12" name="test_package.Test_StreamConnect_Logout_8" tests="1" failures="0" timestamp="28 Jan 2015 20:10:28 GMT" time="23.493" errors="0">
  <testcase name="Logout8" time="23.493" classname="test_package.Test_StreamConnect_Logout_8"/>
</testsuite> <!-- test_package.Test_StreamConnect_Logout_8 -->
