<?xml version="1.0" encoding="UTF-8"?>
<!-- Generated by org.testng.reporters.JUnitReportReporter -->
<testsuite hostname="STAN-4P5ZP12" name="test_package.Test_StreamConnect_Logout_7" tests="1" failures="0" timestamp="4 Feb 2015 22:31:34 GMT" time="4.860" errors="0">
  <testcase name="Logout7" time="4.860" classname="test_package.Test_StreamConnect_Logout_7"/>
</testsuite> <!-- test_package.Test_StreamConnect_Logout_7 -->
