<?xml version="1.0" encoding="UTF-8"?>
<!-- Generated by org.testng.reporters.JUnitReportReporter -->
<testsuite hostname="STAN-4P5ZP12" name="test_package.Test_StreamConnect_Logout_3" tests="1" failures="0" timestamp="29 Jan 2015 23:07:51 GMT" time="21.139" errors="0">
  <testcase name="Logout3" time="21.139" classname="test_package.Test_StreamConnect_Logout_3"/>
</testsuite> <!-- test_package.Test_StreamConnect_Logout_3 -->
